2021-10-20 00:07:34.647  INFO 12888 --- [main] SpringBootCoreDataJpaMvcRest1Application : Starting TimesheetSpringBootCoreDataJpaMvcRest1Application on DESKTOP-OUSSAMA with PID 12888 (started by Oussama Ben Hassen in C:\Users\Oussama Ben Hassen\Desktop\5SAE6\DevOps\TimeSheetProject-oussama)
2021-10-20 00:07:34.658  INFO 12888 --- [main] SpringBootCoreDataJpaMvcRest1Application : No active profile set, falling back to default profiles: default
2021-10-20 00:07:36.207  INFO 12888 --- [main] .s.d.r.c.RepositoryConfigurationDelegate : Bootstrapping Spring Data repositories in DEFAULT mode.
2021-10-20 00:07:36.439  INFO 12888 --- [main] .s.d.r.c.RepositoryConfigurationDelegate : Finished Spring Data repository scanning in 216ms. Found 6 repository interfaces.
2021-10-20 00:07:37.111  INFO 12888 --- [main] trationDelegate$BeanPostProcessorChecker : Bean 'org.springframework.transaction.annotation.ProxyTransactionManagementConfiguration' of type [org.springframework.transaction.annotation.ProxyTransactionManagementConfiguration$$EnhancerBySpringCGLIB$$76bf1147] is not eligible for getting processed by all BeanPostProcessors (for example: not eligible for auto-proxying)
2021-10-20 00:07:38.248  INFO 12888 --- [main] o.s.b.w.embedded.tomcat.TomcatWebServer  : Tomcat initialized with port(s): 8081 (http)
2021-10-20 00:07:38.357  INFO 12888 --- [main] o.apache.catalina.core.StandardService   : Starting service [Tomcat]
2021-10-20 00:07:38.357  INFO 12888 --- [main] org.apache.catalina.core.StandardEngine  : Starting Servlet engine: [Apache Tomcat/9.0.17]
2021-10-20 00:07:38.604  INFO 12888 --- [main] o.a.c.c.C.[.[localhost].[/timesheet]     : Initializing Spring embedded WebApplicationContext
2021-10-20 00:07:38.604  INFO 12888 --- [main] o.s.web.context.ContextLoader            : Root WebApplicationContext: initialization completed in 3887 ms
2021-10-20 00:07:38.927  INFO 12888 --- [main] com.zaxxer.hikari.HikariDataSource       : HikariPool-1 - Starting...
2021-10-20 00:07:39.217  INFO 12888 --- [main] com.zaxxer.hikari.HikariDataSource       : HikariPool-1 - Start completed.
2021-10-20 00:07:39.287  INFO 12888 --- [main] o.hibernate.jpa.internal.util.LogHelper  : HHH000204: Processing PersistenceUnitInfo [
	name: default
	...]
2021-10-20 00:07:39.382  INFO 12888 --- [main] org.hibernate.Version                    : HHH000412: Hibernate Core {5.3.9.Final}
2021-10-20 00:07:39.382  INFO 12888 --- [main] org.hibernate.cfg.Environment            : HHH000206: hibernate.properties not found
2021-10-20 00:07:39.582  INFO 12888 --- [main] o.hibernate.annotations.common.Version   : HCANN000001: Hibernate Commons Annotations {5.0.4.Final}
2021-10-20 00:07:39.787  INFO 12888 --- [main] org.hibernate.dialect.Dialect            : HHH000400: Using dialect: org.hibernate.dialect.MySQL5Dialect
2021-10-20 00:07:40.151  WARN 12888 --- [main] org.hibernate.mapping.RootClass          : HHH000038: Composite-id class does not override equals(): tn.esprit.spring.entities.TimesheetPK
2021-10-20 00:07:42.298  INFO 12888 --- [main] j.LocalContainerEntityManagerFactoryBean : Initialized JPA EntityManagerFactory for persistence unit 'default'
2021-10-20 00:07:42.918  INFO 12888 --- [main] o.h.h.i.QueryTranslatorFactoryInitiator  : HHH000397: Using ASTQueryTranslatorFactory
2021-10-20 00:07:44.013  INFO 12888 --- [main] o.s.s.concurrent.ThreadPoolTaskExecutor  : Initializing ExecutorService 'applicationTaskExecutor'
2021-10-20 00:07:44.083  WARN 12888 --- [main] aWebConfiguration$JpaWebMvcConfiguration : spring.jpa.open-in-view is enabled by default. Therefore, database queries may be performed during view rendering. Explicitly configure spring.jpa.open-in-view to disable this warning
2021-10-20 00:07:44.438  INFO 12888 --- [main] o.s.b.w.embedded.tomcat.TomcatWebServer  : Tomcat started on port(s): 8081 (http) with context path '/timesheet'
2021-10-20 00:07:44.442  INFO 12888 --- [main] SpringBootCoreDataJpaMvcRest1Application : Started TimesheetSpringBootCoreDataJpaMvcRest1Application in 10.334 seconds (JVM running for 12.044)
